<?xml version="1.0" encoding="UTF-8"?>
<testng-results ignored="0" total="1" passed="1" failed="0" skipped="0">
  <reporter-output>
  </reporter-output>
  <suite started-at="2021-08-19T14:48:56 IST" name="Default suite" finished-at="2021-08-19T14:48:57 IST" duration-ms="84">
    <groups>
    </groups>
    <test started-at="2021-08-19T14:48:56 IST" name="Default test" finished-at="2021-08-19T14:48:57 IST" duration-ms="84">
      <class name="com.TestNG.Demo">
        <test-method signature="testNG()[pri:0, instance:com.TestNG.Demo@40cb8df7]" started-at="2021-08-19T14:48:57 IST" name="testNG" finished-at="2021-08-19T14:48:57 IST" duration-ms="12" status="PASS">
          <reporter-output>
          </reporter-output>
        </test-method> <!-- testNG -->
      </class> <!-- com.TestNG.Demo -->
    </test> <!-- Default test -->
  </suite> <!-- Default suite -->
</testng-results>
